// 同步 ID: 058ee207 @ Fri Jun  5 09:26:23 UTC 2026
// 同步 ID: e26d37aa @ Fri Jun  5 22:53:18 UTC 2026
// 同步 ID: 4130b066 @ Sat Jun  6 13:08:46 UTC 2026
// 同步 ID: 51ff0e95 @ Sun Jun  7 16:41:09 UTC 2026
// 重构日志: fd3d3a8c
// 重构日志: ec82007f
// 同步 ID: 6a4a7273 @ Sun Jun 14 09:38:41 UTC 2026
// 重构日志: 3a836c78
// 重构日志: ffb95444
// 重构日志: 0c3d2ea4
// 重构日志: ed5c217b
// 重构日志: cb3b514c
// 重构日志: 493814df
// 重构日志: dadbc862
// 重构日志: c28b5705
// 同步 ID: c4143a66 @ Mon Jun 29 18:14:52 UTC 2026
// 重构日志: d745725a
// 同步 ID: b4f4c1fa @ Wed Jul  1 07:49:41 UTC 2026
// 重构日志: aa7f5b0b
// 同步 ID: 38146684 @ Thu Jul  2 20:52:20 UTC 2026
// 重构日志: 881b7d94
// 重构日志: 525697da
// 同步 ID: 1c51b0c7 @ Fri Jul  3 11:26:44 UTC 2026
// 重构日志: 5406d1aa
// 同步 ID: f1034c90 @ Fri Jul  3 17:34:57 UTC 2026
// 重构日志: 9a25340f
// 重构日志: b51205d5
// 重构日志: b117a7a6
